<?xml version="1.0" encoding="UTF-8"?>
<robot generator="Robot 5.0.1 (Python 3.10.5 on win32)" generated="20220629 02:26:07.419" rpa="false" schemaversion="3">
<suite id="s1" name="Estrutura" source="C:\Users\Rafael\Desktop\robotframework\estrutura.robot">
<test id="s1-t1" name="Cenário 1: Teste de abrir navegador" line="22">
<kw name="Open Browser" library="SeleniumLibrary">
<arg>https://www.google.com/</arg>
<arg>chrome</arg>
<doc>Opens a new browser instance to the optional ``url``.</doc>
<msg timestamp="20220629 02:26:07.973" level="INFO">Opening browser 'chrome' to base url 'https://www.google.com/'.</msg>
<status status="PASS" starttime="20220629 02:26:07.973" endtime="20220629 02:26:12.950"/>
</kw>
<status status="PASS" starttime="20220629 02:26:07.971" endtime="20220629 02:26:12.951"/>
</test>
<test id="s1-t2" name="Cenário 2: Teste de abrir site globo" line="25">
<kw name="Open Browser" library="SeleniumLibrary">
<arg>https://www.globo.com/</arg>
<arg>chrome</arg>
<doc>Opens a new browser instance to the optional ``url``.</doc>
<msg timestamp="20220629 02:26:12.956" level="INFO">Opening browser 'chrome' to base url 'https://www.globo.com/'.</msg>
<status status="PASS" starttime="20220629 02:26:12.955" endtime="20220629 02:26:28.546"/>
</kw>
<status status="PASS" starttime="20220629 02:26:12.954" endtime="20220629 02:26:28.548"/>
</test>
<status status="PASS" starttime="20220629 02:26:07.423" endtime="20220629 02:26:28.555"/>
</suite>
<statistics>
<total>
<stat pass="2" fail="0" skip="0">All Tests</stat>
</total>
<tag>
</tag>
<suite>
<stat pass="2" fail="0" skip="0" id="s1" name="Estrutura">Estrutura</stat>
</suite>
</statistics>
<errors>
</errors>
</robot>
